<?xml version="1.0" encoding="UTF-8"?>
<!-- Generated by org.testng.reporters.JUnitXMLReporter -->
<testsuite ignored="0" hostname="DESKTOP-RUL5SU4" failures="1" tests="1" name="TestNG Tests" time="0.046" errors="0" timestamp="2024-11-10T11:27:43 IST">
  <testcase classname="TestNG_Practice_Sesion" name="main" time="0.0">
    <failure type="org.testng.TestNGException" message="
Cannot inject @Test annotated Method [main] with [class [[Ljava.lang.String;].
For more information on native dependency injection please refer to https://testng.org/doc/documentation-main.html#native-dependency-injection">
      <![CDATA[org.testng.TestNGException: 
Cannot inject @Test annotated Method [main] with [class [[Ljava.lang.String;].
For more information on native dependency injection please refer to https://testng.org/doc/documentation-main.html#native-dependency-injection
at java.base/java.util.ArrayList.forEach(ArrayList.java:1511)
... Removed 26 stack frames]]>
    </failure>
  </testcase> <!-- main -->
</testsuite> <!-- TestNG Tests -->
