<?xml version="1.0" encoding="UTF-8"?>
<testng-results ignored="0" total="3" passed="2" failed="1" skipped="0">
  <reporter-output>
  </reporter-output>
  <suite started-at="2024-12-30T10:59:25 IST" name="Default suite" finished-at="2024-12-30T10:59:25 IST" duration-ms="74">
    <groups>
    </groups>
    <test started-at="2024-12-30T10:59:25 IST" name="Default test" finished-at="2024-12-30T10:59:25 IST" duration-ms="74">
      <class name="LearningsDay1.HTTPRequests">
        <test-method is-config="true" signature="beforeSuite()[pri:0, instance:LearningsDay1.HTTPRequests@6bd61f98]" started-at="2024-12-30T10:59:25 IST" name="beforeSuite" finished-at="2024-12-30T10:59:25 IST" duration-ms="18" status="PASS">
          <reporter-output>
          </reporter-output>
        </test-method> <!-- beforeSuite -->
        <test-method is-config="true" signature="beforeTest()[pri:0, instance:LearningsDay1.HTTPRequests@6bd61f98]" started-at="2024-12-30T10:59:25 IST" name="beforeTest" finished-at="2024-12-30T10:59:25 IST" duration-ms="0" status="PASS">
          <reporter-output>
          </reporter-output>
        </test-method> <!-- beforeTest -->
        <test-method is-config="true" signature="beforeClass()[pri:0, instance:LearningsDay1.HTTPRequests@6bd61f98]" started-at="2024-12-30T10:59:25 IST" name="beforeClass" finished-at="2024-12-30T10:59:25 IST" duration-ms="0" status="PASS">
          <reporter-output>
          </reporter-output>
        </test-method> <!-- beforeClass -->
        <test-method is-config="true" signature="beforeMethod()[pri:0, instance:LearningsDay1.HTTPRequests@6bd61f98]" started-at="2024-12-30T10:59:25 IST" name="beforeMethod" finished-at="2024-12-30T10:59:25 IST" duration-ms="0" status="PASS">
          <reporter-output>
          </reporter-output>
        </test-method> <!-- beforeMethod -->
        <test-method signature="testMethod1()[pri:0, instance:LearningsDay1.HTTPRequests@6bd61f98]" started-at="2024-12-30T10:59:25 IST" name="testMethod1" finished-at="2024-12-30T10:59:25 IST" duration-ms="5" status="PASS">
          <reporter-output>
          </reporter-output>
        </test-method> <!-- testMethod1 -->
        <test-method is-config="true" signature="afterMethod()[pri:0, instance:LearningsDay1.HTTPRequests@6bd61f98]" started-at="2024-12-30T10:59:25 IST" name="afterMethod" finished-at="2024-12-30T10:59:25 IST" duration-ms="1" status="PASS">
          <reporter-output>
          </reporter-output>
        </test-method> <!-- afterMethod -->
        <test-method is-config="true" signature="beforeMethod()[pri:0, instance:LearningsDay1.HTTPRequests@6bd61f98]" started-at="2024-12-30T10:59:25 IST" name="beforeMethod" finished-at="2024-12-30T10:59:25 IST" duration-ms="1" status="PASS">
          <reporter-output>
          </reporter-output>
        </test-method> <!-- beforeMethod -->
        <test-method signature="testMethod2()[pri:0, instance:LearningsDay1.HTTPRequests@6bd61f98]" started-at="2024-12-30T10:59:25 IST" name="testMethod2" finished-at="2024-12-30T10:59:25 IST" duration-ms="1" status="PASS">
          <reporter-output>
          </reporter-output>
        </test-method> <!-- testMethod2 -->
        <test-method is-config="true" signature="afterMethod()[pri:0, instance:LearningsDay1.HTTPRequests@6bd61f98]" started-at="2024-12-30T10:59:25 IST" name="afterMethod" finished-at="2024-12-30T10:59:25 IST" duration-ms="0" status="PASS">
          <reporter-output>
          </reporter-output>
        </test-method> <!-- afterMethod -->
        <test-method signature="testWithDataProvider(java.lang.String,java.lang.String,java.lang.String)[pri:0, instance:LearningsDay1.HTTPRequests@6bd61f98]" started-at="2024-12-30T10:59:25 IST" name="testWithDataProvider" data-provider="testData" finished-at="2024-12-30T10:59:25 IST" duration-ms="5" status="FAIL">
          <exception class="org.testng.internal.reflect.MethodMatcherException">
            <message>
              <![CDATA[
[public void LearningsDay1.HTTPRequests.testWithDataProvider(java.lang.String,java.lang.String,java.lang.String)] has no parameters defined but was found to be using a data provider (either explicitly specified or inherited from class level annotation).
Data provider mismatch
Method: testWithDataProvider([Parameter{index=0, type=java.lang.String, declaredAnnotations=[]}, Parameter{index=1, type=java.lang.String, declaredAnnotations=[]}, Parameter{index=2, type=java.lang.String, declaredAnnotations=[]}])
Arguments: [(java.lang.String) Data1]]]>
            </message>
            <full-stacktrace>
              <![CDATA[org.testng.internal.reflect.MethodMatcherException: 
[public void LearningsDay1.HTTPRequests.testWithDataProvider(java.lang.String,java.lang.String,java.lang.String)] has no parameters defined but was found to be using a data provider (either explicitly specified or inherited from class level annotation).
Data provider mismatch
Method: testWithDataProvider([Parameter{index=0, type=java.lang.String, declaredAnnotations=[]}, Parameter{index=1, type=java.lang.String, declaredAnnotations=[]}, Parameter{index=2, type=java.lang.String, declaredAnnotations=[]}])
Arguments: [(java.lang.String) Data1]
at org.testng.internal.reflect.DataProviderMethodMatcher.getConformingArguments(DataProviderMethodMatcher.java:43)
at org.testng.internal.Parameters.injectParameters(Parameters.java:914)
at org.testng.internal.MethodRunner.runInSequence(MethodRunner.java:34)
at org.testng.internal.TestInvoker$MethodInvocationAgent.invoke(TestInvoker.java:824)
at org.testng.internal.TestInvoker.invokeTestMethods(TestInvoker.java:146)
at org.testng.internal.TestMethodWorker.invokeTestMethods(TestMethodWorker.java:146)
at org.testng.internal.TestMethodWorker.run(TestMethodWorker.java:128)
at java.base/java.util.ArrayList.forEach(ArrayList.java:1511)
at org.testng.TestRunner.privateRun(TestRunner.java:794)
at org.testng.TestRunner.run(TestRunner.java:596)
at org.testng.SuiteRunner.runTest(SuiteRunner.java:377)
at org.testng.SuiteRunner.runSequentially(SuiteRunner.java:371)
at org.testng.SuiteRunner.privateRun(SuiteRunner.java:332)
at org.testng.SuiteRunner.run(SuiteRunner.java:276)
at org.testng.SuiteRunnerWorker.runSuite(SuiteRunnerWorker.java:53)
at org.testng.SuiteRunnerWorker.run(SuiteRunnerWorker.java:96)
at org.testng.TestNG.runSuitesSequentially(TestNG.java:1212)
at org.testng.TestNG.runSuitesLocally(TestNG.java:1134)
at org.testng.TestNG.runSuites(TestNG.java:1063)
at org.testng.TestNG.run(TestNG.java:1031)
at org.testng.remote.AbstractRemoteTestNG.run(AbstractRemoteTestNG.java:115)
at org.testng.remote.RemoteTestNG.initAndRun(RemoteTestNG.java:251)
at org.testng.remote.RemoteTestNG.main(RemoteTestNG.java:77)
]]>
            </full-stacktrace>
          </exception> <!-- org.testng.internal.reflect.MethodMatcherException -->
          <reporter-output>
          </reporter-output>
        </test-method> <!-- testWithDataProvider -->
        <test-method is-config="true" signature="afterClass()[pri:0, instance:LearningsDay1.HTTPRequests@6bd61f98]" started-at="2024-12-30T10:59:25 IST" name="afterClass" finished-at="2024-12-30T10:59:25 IST" duration-ms="1" status="PASS">
          <reporter-output>
          </reporter-output>
        </test-method> <!-- afterClass -->
        <test-method is-config="true" signature="afterTest()[pri:0, instance:LearningsDay1.HTTPRequests@6bd61f98]" started-at="2024-12-30T10:59:25 IST" name="afterTest" finished-at="2024-12-30T10:59:25 IST" duration-ms="0" status="PASS">
          <reporter-output>
          </reporter-output>
        </test-method> <!-- afterTest -->
        <test-method is-config="true" signature="afterSuite()[pri:0, instance:LearningsDay1.HTTPRequests@6bd61f98]" started-at="2024-12-30T10:59:25 IST" name="afterSuite" finished-at="2024-12-30T10:59:25 IST" duration-ms="0" status="PASS">
          <reporter-output>
          </reporter-output>
        </test-method> <!-- afterSuite -->
      </class> <!-- LearningsDay1.HTTPRequests -->
    </test> <!-- Default test -->
  </suite> <!-- Default suite -->
</testng-results>
